Log file open, 03/30/18 17:14:05
LogWindows: Failed to load 'aqProf.dll' (GetLastError=126)
LogWindows: File 'aqProf.dll' does not exist
LogWindows: Failed to load 'VSPerf140.dll' (GetLastError=126)
LogWindows: File 'VSPerf140.dll' does not exist
LogWindows: Failed to load 'VtuneApi.dll' (GetLastError=126)
LogWindows: File 'VtuneApi.dll' does not exist
LogWindows: Failed to load 'VtuneApi32e.dll' (GetLastError=126)
LogWindows: File 'VtuneApi32e.dll' does not exist
LogInit: Display: Running engine for game: BattleTank
LogPlatformFile: Not using cached read wrapper
LogInit: Display: RandInit(2131718581) SRandInit(2131718581).
LogInit: Read version file with build ID '3944462'
LogInit: Overriding engine version to CL 3944462, compatible CL 3944462
LogInit: Registered custom module enumerator with build ID '3944462'
LogTaskGraph: Started task graph with 5 named threads and 47 total threads with 3 sets of task threads.
LogStats: Stats thread started at 0.527184
LogD3D11RHI: Aftermath initialized
LogICUInternationalization: Display: ICU TimeZone Detection - Raw Offset: -8:00, Platform Override: ''
LogPluginManager: Mounting plugin Paper2D
LogPluginManager: Mounting plugin LiveLink
LogPluginManager: Mounting plugin LightPropagationVolume
LogPluginManager: Mounting plugin CLionSourceCodeAccess
LogPluginManager: Mounting plugin CodeLiteSourceCodeAccess
LogPluginManager: Mounting plugin GitSourceControl
LogPluginManager: Mounting plugin KDevelopSourceCodeAccess
LogPluginManager: Mounting plugin NullSourceCodeAccess
LogPluginManager: Mounting plugin PerforceSourceControl
LogPluginManager: Mounting plugin SubversionSourceControl
LogPluginManager: Mounting plugin UObjectPlugin
LogPluginManager: Mounting plugin VisualStudioCodeSourceCodeAccess
LogPluginManager: Mounting plugin VisualStudioSourceCodeAccess
LogPluginManager: Mounting plugin XCodeSourceCodeAccess
LogPluginManager: Mounting plugin AssetManagerEditor
LogPluginManager: Mounting plugin CryptoKeys
LogPluginManager: Mounting plugin DataValidation
LogPluginManager: Mounting plugin FacialAnimation
LogPluginManager: Mounting plugin GameplayTagsEditor
LogPluginManager: Mounting plugin MobileLauncherProfileWizard
LogPluginManager: Mounting plugin PluginBrowser
LogPluginManager: Mounting plugin SpeedTreeImporter
LogPluginManager: Mounting plugin DatasmithContent
LogPluginManager: Mounting plugin AlembicImporter
LogPluginManager: Mounting plugin CharacterAI
LogPluginManager: Mounting plugin HTML5Networking
LogPluginManager: Mounting plugin AndroidMedia
LogPluginManager: Mounting plugin AvfMedia
LogPluginManager: Mounting plugin ImgMedia
LogPluginManager: Mounting plugin LinearTimecode
LogPluginManager: Mounting plugin MediaCompositing
LogPluginManager: Mounting plugin MediaPlayerEditor
LogPluginManager: Mounting plugin WmfMedia
LogPluginManager: Mounting plugin TcpMessaging
LogPluginManager: Mounting plugin UdpMessaging
LogPluginManager: Mounting plugin ActorSequence
LogPluginManager: Mounting plugin LevelSequenceEditor
LogPluginManager: Mounting plugin MatineeToLevelSequence
LogPluginManager: Mounting plugin NetcodeUnitTest
LogPluginManager: Mounting plugin NUTUnrealEngine4
LogPluginManager: Mounting plugin OnlineSubsystemGooglePlay
LogPluginManager: Mounting plugin OnlineSubsystemIOS
LogPluginManager: Mounting plugin OnlineSubsystem
LogPluginManager: Mounting plugin OnlineSubsystemNull
LogPluginManager: Mounting plugin OnlineSubsystemUtils
LogPluginManager: Mounting plugin AndroidDeviceProfileSelector
LogPluginManager: Mounting plugin AndroidMoviePlayer
LogPluginManager: Mounting plugin AndroidPermission
LogPluginManager: Mounting plugin AppleARKit
LogPluginManager: Mounting plugin AppleMoviePlayer
LogPluginManager: Mounting plugin ArchVisCharacter
LogPluginManager: Mounting plugin AudioCapture
LogPluginManager: Mounting plugin CableComponent
LogPluginManager: Mounting plugin CustomMeshComponent
LogPluginManager: Mounting plugin ExampleDeviceProfileSelector
LogPluginManager: Mounting plugin GoogleCloudMessaging
LogPluginManager: Mounting plugin ImmediatePhysics
LogPluginManager: Mounting plugin IOSDeviceProfileSelector
LogPluginManager: Mounting plugin LinuxDeviceProfileSelector
LogPluginManager: Mounting plugin LocationServicesBPLibrary
LogPluginManager: Mounting plugin MobilePatchingUtils
LogPluginManager: Mounting plugin OculusVR
LogPluginManager: Plugin shader directory ../../../Engine/Plugins/Runtime/Oculus/OculusVR/Shaders found
LogPluginManager: Mapping shader source directory ../../../Engine/Plugins/Runtime/Oculus/OculusVR/Shaders to virtual directory /Plugin/OculusVR
LogPluginManager: Mounting plugin PhysXVehicles
LogPluginManager: Mounting plugin ProceduralMeshComponent
LogPluginManager: Mounting plugin RuntimePhysXCooking
LogPluginManager: Mounting plugin SteamVR
LogPluginManager: Mounting plugin WindowsMoviePlayer
LogStreaming: Display: Took  0.055s to configure plugins.
LogModuleManager: Display: Found up-to-date module file D:/Code/BattleTank/BattleTank/BattleTank/Binaries/Win64/UE4Editor-BattleTank.dll (API version 3944462).
LogModuleManager: Display: Found up-to-date module file ../../../Engine/Plugins/2D/Paper2D/Binaries/Win64/UE4Editor-Paper2D.dll (API version 3944462).
LogModuleManager: Display: Found up-to-date module file ../../../Engine/Plugins/2D/Paper2D/Binaries/Win64/UE4Editor-Paper2DEditor.dll (API version 3944462).
LogModuleManager: Display: Found up-to-date module file ../../../Engine/Plugins/2D/Paper2D/Binaries/Win64/UE4Editor-PaperSpriteSheetImporter.dll (API version 3944462).
LogModuleManager: Display: Found up-to-date module file ../../../Engine/Plugins/2D/Paper2D/Binaries/Win64/UE4Editor-PaperTiledImporter.dll (API version 3944462).
LogModuleManager: Display: Found up-to-date module file ../../../Engine/Plugins/2D/Paper2D/Binaries/Win64/UE4Editor-SmartSnapping.dll (API version 3944462).
LogModuleManager: Display: Found up-to-date module file ../../../Engine/Plugins/Animation/LiveLink/Binaries/Win64/UE4Editor-LiveLink.dll (API version 3944462).
LogModuleManager: Display: Found up-to-date module file ../../../Engine/Plugins/Animation/LiveLink/Binaries/Win64/UE4Editor-LiveLinkEditor.dll (API version 3944462).
LogModuleManager: Display: Found up-to-date module file ../../../Engine/Plugins/Blendables/LightPropagationVolume/Binaries/Win64/UE4Editor-LightPropagationVolumeRuntime.dll (API version 3944462).
LogModuleManager: Display: Found up-to-date module file ../../../Engine/Plugins/Blendables/LightPropagationVolume/Binaries/Win64/UE4Editor-LightPropagationVolumeEditor.dll (API version 3944462).
LogModuleManager: Display: Found up-to-date module file ../../../Engine/Plugins/Developer/CLionSourceCodeAccess/Binaries/Win64/UE4Editor-CLionSourceCodeAccess.dll (API version 3944462).
LogModuleManager: Display: Found up-to-date module file ../../../Engine/Plugins/Developer/GitSourceControl/Binaries/Win64/UE4Editor-GitSourceControl.dll (API version 3944462).
LogModuleManager: Display: Found up-to-date module file ../../../Engine/Plugins/Developer/PerforceSourceControl/Binaries/Win64/UE4Editor-PerforceSourceControl.dll (API version 3944462).
LogModuleManager: Display: Found up-to-date module file ../../../Engine/Plugins/Developer/SubversionSourceControl/Binaries/Win64/UE4Editor-SubversionSourceControl.dll (API version 3944462).
LogModuleManager: Display: Found up-to-date module file ../../../Engine/Plugins/Developer/UObjectPlugin/Binaries/Win64/UE4Editor-UObjectPlugin.dll (API version 3944462).
LogModuleManager: Display: Found up-to-date module file ../../../Engine/Plugins/Developer/VisualStudioCodeSourceCodeAccess/Binaries/Win64/UE4Editor-VisualStudioCodeSourceCodeAccess.dll (API version 3944462).
LogModuleManager: Display: Found up-to-date module file ../../../Engine/Plugins/Developer/VisualStudioSourceCodeAccess/Binaries/Win64/UE4Editor-VisualStudioSourceCodeAccess.dll (API version 3944462).
LogModuleManager: Display: Found up-to-date module file ../../../Engine/Plugins/Editor/AssetManagerEditor/Binaries/Win64/UE4Editor-AssetManagerEditor.dll (API version 3944462).
LogModuleManager: Display: Found up-to-date module file ../../../Engine/Plugins/Editor/CryptoKeys/Binaries/Win64/UE4Editor-CryptoKeys.dll (API version 3944462).
LogModuleManager: Display: Found up-to-date module file ../../../Engine/Plugins/Editor/CryptoKeys/Binaries/Win64/UE4Editor-CryptoKeysOpenSSL.dll (API version 3944462).
LogModuleManager: Display: Found up-to-date module file ../../../Engine/Plugins/Editor/DataValidation/Binaries/Win64/UE4Editor-DataValidation.dll (API version 3944462).
LogModuleManager: Display: Found up-to-date module file ../../../Engine/Plugins/Editor/FacialAnimation/Binaries/Win64/UE4Editor-FacialAnimation.dll (API version 3944462).
LogModuleManager: Display: Found up-to-date module file ../../../Engine/Plugins/Editor/FacialAnimation/Binaries/Win64/UE4Editor-FacialAnimationEditor.dll (API version 3944462).
LogModuleManager: Display: Found up-to-date module file ../../../Engine/Plugins/Editor/GameplayTagsEditor/Binaries/Win64/UE4Editor-GameplayTagsEditor.dll (API version 3944462).
LogModuleManager: Display: Found up-to-date module file ../../../Engine/Plugins/Editor/MobileLauncherProfileWizard/Binaries/Win64/UE4Editor-MobileLauncherProfileWizard.dll (API version 3944462).
LogModuleManager: Display: Found up-to-date module file ../../../Engine/Plugins/Editor/PluginBrowser/Binaries/Win64/UE4Editor-PluginBrowser.dll (API version 3944462).
LogModuleManager: Display: Found up-to-date module file ../../../Engine/Plugins/Editor/SpeedTreeImporter/Binaries/Win64/UE4Editor-SpeedTreeImporter.dll (API version 3944462).
LogModuleManager: Display: Found up-to-date module file ../../../Engine/Plugins/Enterprise/DatasmithContent/Binaries/Win64/UE4Editor-DatasmithContent.dll (API version 3944462).
LogModuleManager: Display: Found up-to-date module file ../../../Engine/Plugins/Experimental/AlembicImporter/Binaries/Win64/UE4Editor-AlembicImporter.dll (API version 3944462).
LogModuleManager: Display: Found up-to-date module file ../../../Engine/Plugins/Experimental/AlembicImporter/Binaries/Win64/UE4Editor-AlembicLibrary.dll (API version 3944462).
LogModuleManager: Display: Found up-to-date module file ../../../Engine/Plugins/Experimental/CharacterAI/Binaries/Win64/UE4Editor-CharacterAI.dll (API version 3944462).
LogModuleManager: Display: Found up-to-date module file ../../../Engine/Plugins/Experimental/HTML5Networking/Binaries/Win64/UE4Editor-HTML5Networking.dll (API version 3944462).
LogModuleManager: Display: Found up-to-date module file ../../../Engine/Plugins/Media/AndroidMedia/Binaries/Win64/UE4Editor-AndroidMediaEditor.dll (API version 3944462).
LogModuleManager: Display: Found up-to-date module file ../../../Engine/Plugins/Media/AndroidMedia/Binaries/Win64/UE4Editor-AndroidMediaFactory.dll (API version 3944462).
LogModuleManager: Display: Found up-to-date module file ../../../Engine/Plugins/Media/AvfMedia/Binaries/Win64/UE4Editor-AvfMediaEditor.dll (API version 3944462).
LogModuleManager: Display: Found up-to-date module file ../../../Engine/Plugins/Media/AvfMedia/Binaries/Win64/UE4Editor-AvfMediaFactory.dll (API version 3944462).
LogModuleManager: Display: Found up-to-date module file ../../../Engine/Plugins/Media/AvfMedia/Binaries/Win64/UE4Editor-AvfMediaFactory.dll (API version 3944462).
LogModuleManager: Display: Found up-to-date module file ../../../Engine/Plugins/Media/ImgMedia/Binaries/Win64/UE4Editor-ImgMedia.dll (API version 3944462).
LogModuleManager: Display: Found up-to-date module file ../../../Engine/Plugins/Media/ImgMedia/Binaries/Win64/UE4Editor-ImgMediaEditor.dll (API version 3944462).
LogModuleManager: Display: Found up-to-date module file ../../../Engine/Plugins/Media/ImgMedia/Binaries/Win64/UE4Editor-ImgMediaFactory.dll (API version 3944462).
LogModuleManager: Display: Found up-to-date module file ../../../Engine/Plugins/Media/ImgMedia/Binaries/Win64/UE4Editor-ImgMediaFactory.dll (API version 3944462).
LogModuleManager: Display: Found up-to-date module file ../../../Engine/Plugins/Media/ImgMedia/Binaries/Win64/UE4Editor-OpenExrWrapper.dll (API version 3944462).
LogModuleManager: Display: Found up-to-date module file ../../../Engine/Plugins/Media/LinearTimecode/Binaries/Win64/UE4Editor-LinearTimecode.dll (API version 3944462).
LogModuleManager: Display: Found up-to-date module file ../../../Engine/Plugins/Media/MediaCompositing/Binaries/Win64/UE4Editor-MediaCompositing.dll (API version 3944462).
LogModuleManager: Display: Found up-to-date module file ../../../Engine/Plugins/Media/MediaCompositing/Binaries/Win64/UE4Editor-MediaCompositingEditor.dll (API version 3944462).
LogModuleManager: Display: Found up-to-date module file ../../../Engine/Plugins/Media/MediaPlayerEditor/Binaries/Win64/UE4Editor-MediaPlayerEditor.dll (API version 3944462).
LogModuleManager: Display: Found up-to-date module file ../../../Engine/Plugins/Media/WmfMedia/Binaries/Win64/UE4Editor-WmfMedia.dll (API version 3944462).
LogModuleManager: Display: Found up-to-date module file ../../../Engine/Plugins/Media/WmfMedia/Binaries/Win64/UE4Editor-WmfMediaEditor.dll (API version 3944462).
LogModuleManager: Display: Found up-to-date module file ../../../Engine/Plugins/Media/WmfMedia/Binaries/Win64/UE4Editor-WmfMediaFactory.dll (API version 3944462).
LogModuleManager: Display: Found up-to-date module file ../../../Engine/Plugins/Media/WmfMedia/Binaries/Win64/UE4Editor-WmfMediaFactory.dll (API version 3944462).
LogModuleManager: Display: Found up-to-date module file ../../../Engine/Plugins/Messaging/TcpMessaging/Binaries/Win64/UE4Editor-TcpMessaging.dll (API version 3944462).
LogModuleManager: Display: Found up-to-date module file ../../../Engine/Plugins/Messaging/UdpMessaging/Binaries/Win64/UE4Editor-UdpMessaging.dll (API version 3944462).
LogModuleManager: Display: Found up-to-date module file ../../../Engine/Plugins/MovieScene/ActorSequence/Binaries/Win64/UE4Editor-ActorSequence.dll (API version 3944462).
LogModuleManager: Display: Found up-to-date module file ../../../Engine/Plugins/MovieScene/LevelSequenceEditor/Binaries/Win64/UE4Editor-LevelSequenceEditor.dll (API version 3944462).
LogModuleManager: Display: Found up-to-date module file ../../../Engine/Plugins/MovieScene/MatineeToLevelSequence/Binaries/Win64/UE4Editor-MatineeToLevelSequence.dll (API version 3944462).
LogModuleManager: Display: Found up-to-date module file ../../../Engine/Plugins/NetcodeUnitTest/NetcodeUnitTest/Binaries/Win64/UE4Editor-NetcodeUnitTest.dll (API version 3944462).
LogModuleManager: Display: Found up-to-date module file ../../../Engine/Plugins/NetcodeUnitTest/NUTUnrealEngine4/Binaries/Win64/UE4Editor-NUTUnrealEngine4.dll (API version 3944462).
LogModuleManager: Display: Found up-to-date module file ../../../Engine/Plugins/Online/OnlineSubsystem/Binaries/Win64/UE4Editor-OnlineSubsystem.dll (API version 3944462).
LogModuleManager: Display: Found up-to-date module file ../../../Engine/Plugins/Online/OnlineSubsystemNull/Binaries/Win64/UE4Editor-OnlineSubsystemNull.dll (API version 3944462).
LogModuleManager: Display: Found up-to-date module file ../../../Engine/Plugins/Online/OnlineSubsystemUtils/Binaries/Win64/UE4Editor-OnlineSubsystemUtils.dll (API version 3944462).
LogModuleManager: Display: Found up-to-date module file ../../../Engine/Plugins/Online/OnlineSubsystemUtils/Binaries/Win64/UE4Editor-OnlineBlueprintSupport.dll (API version 3944462).
LogModuleManager: Display: Found up-to-date module file ../../../Engine/Plugins/Runtime/AndroidDeviceProfileSelector/Binaries/Win64/UE4Editor-AndroidDeviceProfileSelector.dll (API version 3944462).
LogModuleManager: Display: Found up-to-date module file ../../../Engine/Plugins/Runtime/AndroidPermission/Binaries/Win64/UE4Editor-AndroidPermission.dll (API version 3944462).
LogModuleManager: Display: Found up-to-date module file ../../../Engine/Plugins/Runtime/AppleARKit/Binaries/Win64/UE4Editor-AppleARKit.dll (API version 3944462).
LogModuleManager: Display: Found up-to-date module file ../../../Engine/Plugins/Runtime/ArchVisCharacter/Binaries/Win64/UE4Editor-ArchVisCharacter.dll (API version 3944462).
LogModuleManager: Display: Found up-to-date module file ../../../Engine/Plugins/Runtime/AudioCapture/Binaries/Win64/UE4Editor-AudioCapture.dll (API version 3944462).
LogModuleManager: Display: Found up-to-date module file ../../../Engine/Plugins/Runtime/AudioCapture/Binaries/Win64/UE4Editor-AudioCaptureEditor.dll (API version 3944462).
LogModuleManager: Display: Found up-to-date module file ../../../Engine/Plugins/Runtime/CableComponent/Binaries/Win64/UE4Editor-CableComponent.dll (API version 3944462).
LogModuleManager: Display: Found up-to-date module file ../../../Engine/Plugins/Runtime/CustomMeshComponent/Binaries/Win64/UE4Editor-CustomMeshComponent.dll (API version 3944462).
LogModuleManager: Display: Found up-to-date module file ../../../Engine/Plugins/Runtime/ExampleDeviceProfileSelector/Binaries/Win64/UE4Editor-ExampleDeviceProfileSelector.dll (API version 3944462).
LogModuleManager: Display: Found up-to-date module file ../../../Engine/Plugins/Runtime/ImmediatePhysics/Binaries/Win64/UE4Editor-ImmediatePhysics.dll (API version 3944462).
LogModuleManager: Display: Found up-to-date module file ../../../Engine/Plugins/Runtime/ImmediatePhysics/Binaries/Win64/UE4Editor-ImmediatePhysicsEditor.dll (API version 3944462).
LogModuleManager: Display: Found up-to-date module file ../../../Engine/Plugins/Runtime/LocationServicesBPLibrary/Binaries/Win64/UE4Editor-LocationServicesBPLibrary.dll (API version 3944462).
LogModuleManager: Display: Found up-to-date module file ../../../Engine/Plugins/Runtime/MobilePatchingUtils/Binaries/Win64/UE4Editor-MobilePatchingUtils.dll (API version 3944462).
LogModuleManager: Display: Found up-to-date module file ../../../Engine/Plugins/Runtime/Oculus/OculusVR/Binaries/Win64/UE4Editor-OculusHMD.dll (API version 3944462).
LogModuleManager: Display: Found up-to-date module file ../../../Engine/Plugins/Runtime/Oculus/OculusVR/Binaries/Win64/UE4Editor-OculusInput.dll (API version 3944462).
LogModuleManager: Display: Found up-to-date module file ../../../Engine/Plugins/Runtime/Oculus/OculusVR/Binaries/Win64/UE4Editor-OculusEditor.dll (API version 3944462).
LogModuleManager: Display: Found up-to-date module file ../../../Engine/Plugins/Runtime/PhysXVehicles/Binaries/Win64/UE4Editor-PhysXVehicles.dll (API version 3944462).
LogModuleManager: Display: Found up-to-date module file ../../../Engine/Plugins/Runtime/PhysXVehicles/Binaries/Win64/UE4Editor-PhysXVehiclesEditor.dll (API version 3944462).
LogModuleManager: Display: Found up-to-date module file ../../../Engine/Plugins/Runtime/ProceduralMeshComponent/Binaries/Win64/UE4Editor-ProceduralMeshComponent.dll (API version 3944462).
LogModuleManager: Display: Found up-to-date module file ../../../Engine/Plugins/Runtime/ProceduralMeshComponent/Binaries/Win64/UE4Editor-ProceduralMeshComponentEditor.dll (API version 3944462).
LogModuleManager: Display: Found up-to-date module file ../../../Engine/Plugins/Runtime/RuntimePhysXCooking/Binaries/Win64/UE4Editor-RuntimePhysXCooking.dll (API version 3944462).
LogModuleManager: Display: Found up-to-date module file ../../../Engine/Plugins/Runtime/Steam/SteamVR/Binaries/Win64/UE4Editor-SteamVR.dll (API version 3944462).
LogModuleManager: Display: Found up-to-date module file ../../../Engine/Plugins/Runtime/Steam/SteamVR/Binaries/Win64/UE4Editor-SteamVRController.dll (API version 3944462).
LogModuleManager: Display: Found up-to-date module file ../../../Engine/Plugins/Runtime/WindowsMoviePlayer/Binaries/Win64/UE4Editor-WindowsMoviePlayer.dll (API version 3944462).
LogInit: Using libcurl 7.47.1
LogInit:  - built for x86_64-pc-win32
LogInit:  - supports SSL with OpenSSL/1.0.2g
LogInit:  - supports HTTP deflate (compression) using libz 1.2.8
LogInit:  - other features:
LogInit:      CURL_VERSION_SSL
LogInit:      CURL_VERSION_LIBZ
LogInit:      CURL_VERSION_IPV6
LogInit:      CURL_VERSION_ASYNCHDNS
LogInit:      CURL_VERSION_LARGEFILE
LogInit:      CURL_VERSION_IDN
LogInit:  CurlRequestOptions (configurable via config and command line):
LogInit:  - bVerifyPeer = false  - Libcurl will NOT verify peer certificate
LogInit:  - bUseHttpProxy = false  - Libcurl will NOT use HTTP proxy
LogInit:  - bDontReuseConnections = false  - Libcurl will reuse connections
LogInit:  - CertBundlePath = nullptr  - Libcurl will use whatever was configured at build time.
LogInit:  - MaxHostConnections = 16  - Libcurl will limit the number of connections to a host
LogInit:  - LocalHostAddr = Default
LogInit: WinSock: version 1.1 (2.2), MaxSocks=32767, MaxUdp=65467
LogInit: WinSock: I am TheBeast (192.168.1.16:0)
LogInit: Build: ++UE4+Release-4.19-CL-3944462
LogInit: Engine Version: 4.19.0-3944462+++UE4+Release-4.19
LogInit: Compatible Engine Version: 4.19.0-3944462+++UE4+Release-4.19
LogInit: Net CL: 3944462
LogDevObjectVersion: Number of dev versions registered: 18
LogDevObjectVersion:   Dev-Blueprints (B0D832E4-1F89-4F0D-ACCF-7EB736FD4AA2): 10
LogDevObjectVersion:   Dev-Build (E1C64328-A22C-4D53-A36C-8E866417BD8C): 0
LogDevObjectVersion:   Dev-Core (375EC13C-06E4-48FB-B500-84F0262A717E): 2
LogDevObjectVersion:   Dev-Editor (E4B068ED-F494-42E9-A231-DA0B2E46BB41): 23
LogDevObjectVersion:   Dev-Framework (CFFC743F-43B0-4480-9391-14DF171D2073): 33
LogDevObjectVersion:   Dev-Mobile (B02B49B5-BB20-44E9-A304-32B752E40360): 2
LogDevObjectVersion:   Dev-Networking (A4E4105C-59A1-49B5-A7C5-40C4547EDFEE): 0
LogDevObjectVersion:   Dev-Online (39C831C9-5AE6-47DC-9A44-9C173E1C8E7C): 0
LogDevObjectVersion:   Dev-Physics (78F01B33-EBEA-4F98-B9B4-84EACCB95AA2): 0
LogDevObjectVersion:   Dev-Platform (6631380F-2D4D-43E0-8009-CF276956A95A): 0
LogDevObjectVersion:   Dev-Rendering (12F88B9F-8875-4AFC-A67C-D90C383ABD29): 25
LogDevObjectVersion:   Dev-Sequencer (7B5AE74C-D270-4C10-A958-57980B212A5A): 6
LogDevObjectVersion:   Dev-VR (D7296918-1DD6-4BDD-9DE2-64A83CC13884): 1
LogDevObjectVersion:   Dev-LoadTimes (C2A15278-BFE7-4AFE-6C17-90FF531DF755): 1
LogDevObjectVersion:   Private-Geometry (6EACA3D4-40EC-4CC1-B786-8BED09428FC5): 2
LogDevObjectVersion:   Dev-AnimPhys (29E575DD-E0A3-4627-9D10-D276232CDCEA): 16
LogDevObjectVersion:   Dev-ReflectionCapture (6B266CEC-1EC7-4B8F-A30B-E4D90942FC07): 1
LogDevObjectVersion:   Dev-Automation (0DF73D61-A23F-47EA-B727-89E90C41499A): 1
LogInit: Compiled (64-bit): Mar 13 2018 23:12:32
LogInit: Compiled with Visual C++: 19.00.24215.01
LogInit: Build Configuration: Development
LogInit: Branch Name: ++UE4+Release-4.19
LogInit: Command Line: -EpicPortal 
LogInit: Base Directory: E:/UE_4.19/Engine/Binaries/Win64/
LogInit: Installed Engine Build: 1
LogStreaming: Display: Took  0.000s to delete old logs.
LogInit: Presizing for max 8388607 objects, including 0 objects not considered by GC, pre-allocating 0 bytes for permanent pool.
LogInit: Object subsystem initialized
[2018.03.31-00.14.06:612][  0]LogInit: Selected Device Profile: [Windows]
[2018.03.31-00.14.06:612][  0]LogInit: Applying CVar settings loaded from the selected device profile: [Windows]
[2018.03.31-00.14.06:626][  0]LogInit: Computer: THEBEAST
[2018.03.31-00.14.06:626][  0]LogInit: User: Ian
[2018.03.31-00.14.06:626][  0]LogInit: CPU Page size=4096, Cores=8
[2018.03.31-00.14.06:626][  0]LogInit: High frequency timer resolution =3.509025 MHz
[2018.03.31-00.14.06:626][  0]LogMemory: Memory total: Physical=15.9GB (16GB approx)
[2018.03.31-00.14.06:626][  0]LogMemory: Platform Memory Stats for Windows
[2018.03.31-00.14.06:626][  0]LogMemory: Process Physical Memory: 275.76 MB used, 275.76 MB peak
[2018.03.31-00.14.06:626][  0]LogMemory: Process Virtual Memory: 272.29 MB used, 272.29 MB peak
[2018.03.31-00.14.06:626][  0]LogMemory: Physical Memory: 7934.43 MB used,  8377.96 MB free, 16312.39 MB total
[2018.03.31-00.14.06:626][  0]LogMemory: Virtual Memory: 726.46 MB used,  8377.96 MB free, 134217728.00 MB total
[2018.03.31-00.14.06:643][  0]LogInit: Using OS detected language (en-US).
[2018.03.31-00.14.06:643][  0]LogInit: Using OS detected locale (en-US).
[2018.03.31-00.14.06:646][  0]LogTextLocalizationManager: No specific localization for 'en-US' exists, so the 'en' localization will be used.
[2018.03.31-00.14.07:084][  0]LogStreaming: Display: Took  0.441s to EndInitTextLocalization.
[2018.03.31-00.14.07:084][  0]LogInit: Setting process to per monitor DPI aware
[2018.03.31-00.14.07:121][  0]LogSlate: New Slate User Created.  User Index 0, Is Virtual User: 0
[2018.03.31-00.14.07:121][  0]LogSlate: Slate User Registered.  User Index 0, Is Virtual User: 0
[2018.03.31-00.14.07:310][  0]LogD3D11RHI: D3D11 adapters:
[2018.03.31-00.14.07:381][  0]LogD3D11RHI:    0. 'NVIDIA GeForce GTX 1080 Ti' (Feature Level 11_0)
[2018.03.31-00.14.07:381][  0]LogD3D11RHI:       11025/0/8156 MB DedicatedVideo/DedicatedSystem/SharedSystem, Outputs:2, VendorId:0x10de
[2018.03.31-00.14.07:384][  0]LogD3D11RHI:    1. 'Microsoft Basic Render Driver' (Feature Level 11_0)
[2018.03.31-00.14.07:384][  0]LogD3D11RHI:       0/0/8156 MB DedicatedVideo/DedicatedSystem/SharedSystem, Outputs:0, VendorId:0x1414
[2018.03.31-00.14.07:384][  0]LogD3D11RHI: Chosen D3D11 Adapter: 0
[2018.03.31-00.14.07:397][  0]LogD3D11RHI: Creating new Direct3DDevice
[2018.03.31-00.14.07:397][  0]LogD3D11RHI:     GPU DeviceId: 0x1b06 (for the marketing name, search the web for "GPU Device Id")
[2018.03.31-00.14.07:397][  0]LogWindows: EnumDisplayDevices:
[2018.03.31-00.14.07:397][  0]LogWindows:    0. 'NVIDIA GeForce GTX 1080 Ti' (P:1 D:1)
[2018.03.31-00.14.07:397][  0]LogWindows:    1. 'NVIDIA GeForce GTX 1080 Ti' (P:0 D:1)
[2018.03.31-00.14.07:397][  0]LogWindows:    2. 'NVIDIA GeForce GTX 1080 Ti' (P:0 D:0)
[2018.03.31-00.14.07:397][  0]LogWindows:    3. 'NVIDIA GeForce GTX 1080 Ti' (P:0 D:0)
[2018.03.31-00.14.07:397][  0]LogWindows: DebugString: GetVideoDriverDetailsInvalid PrimaryIsNotTheChoosenAdapter GetVideoDriverDetailsInvalid PrimaryIsNotTheChoosenAdapter GetVideoDriverDetailsInvalid PrimaryIsNotTheChoosenAdapter GetVideoDriverDetailsInvalid PrimaryIsNotTheChoosenAdapter FoundDriverCount:0 
[2018.03.31-00.14.07:397][  0]LogD3D11RHI:     Adapter Name: NVIDIA GeForce GTX 1080 Ti
[2018.03.31-00.14.07:397][  0]LogD3D11RHI:   Driver Version: Unknown (internal:Unknown, unified:Unknown)
[2018.03.31-00.14.07:397][  0]LogD3D11RHI:      Driver Date: Unknown
[2018.03.31-00.14.07:397][  0]LogRHI: Texture pool is 7717 MB (70% of 11025 MB)
[2018.03.31-00.14.07:448][  0]LogD3D11RHI: [Aftermath] Aftermath enabled and primed
[2018.03.31-00.14.07:449][  0]LogD3D11RHI: Async texture creation enabled
[2018.03.31-00.14.07:504][  0]LogD3D11RHI: GPU Timing Frequency: 1000.000000 (Debug: 2 2)
[2018.03.31-00.14.07:554][  0]LogShaderCompilers: Guid format shader working directory is 3 characters bigger than the processId version (D:/Code/BattleTank/BattleTank/BattleTank/Intermediate/Shaders/WorkingDirectory/19708/).
[2018.03.31-00.14.07:554][  0]LogShaderCompilers: Cleaned the shader compiler working directory 'C:/Users/Ian/AppData/Local/Temp/UnrealShaderWorkingDir/31404CBE405CF379BB937BAB8B15E854/'.
[2018.03.31-00.14.07:808][  0]LogTemp: Display: Loaded TP AllDesktopTargetPlatform
[2018.03.31-00.14.07:823][  0]LogTemp: Display: Loaded TP MacClientTargetPlatform
[2018.03.31-00.14.07:838][  0]LogTemp: Display: Loaded TP MacNoEditorTargetPlatform
[2018.03.31-00.14.07:853][  0]LogTemp: Display: Loaded TP MacServerTargetPlatform
[2018.03.31-00.14.07:868][  0]LogTemp: Display: Loaded TP MacTargetPlatform
[2018.03.31-00.14.07:884][  0]LogTemp: Display: Loaded TP WindowsClientTargetPlatform
[2018.03.31-00.14.07:900][  0]LogTemp: Display: Loaded TP WindowsNoEditorTargetPlatform
[2018.03.31-00.14.07:915][  0]LogTemp: Display: Loaded TP WindowsServerTargetPlatform
[2018.03.31-00.14.07:922][  0]LogTemp: Display: Loaded TP WindowsTargetPlatform
[2018.03.31-00.14.07:936][  0]LogTemp: Display: Loaded TP Android_ASTCTargetPlatform
[2018.03.31-00.14.07:950][  0]LogTemp: Display: Loaded TP Android_ATCTargetPlatform
[2018.03.31-00.14.07:963][  0]LogTemp: Display: Loaded TP Android_DXTTargetPlatform
[2018.03.31-00.14.07:977][  0]LogTemp: Display: Loaded TP Android_ETC1aTargetPlatform
[2018.03.31-00.14.07:990][  0]LogTemp: Display: Loaded TP Android_ETC1TargetPlatform
[2018.03.31-00.14.08:003][  0]LogTemp: Display: Loaded TP Android_ETC2TargetPlatform
[2018.03.31-00.14.08:031][  0]LogTemp: Display: Loaded TP Android_MultiTargetPlatform
[2018.03.31-00.14.08:031][  0]LogTemp: Display: Loaded TP Android_PVRTCTargetPlatform
[2018.03.31-00.14.08:045][  0]LogTemp: Display: Loaded TP AndroidTargetPlatform
[2018.03.31-00.14.08:046][  0]LogTemp: Display: Loaded TP HTML5TargetPlatform
[2018.03.31-00.14.08:084][  0]LogTemp: Display: Loaded TP IOSTargetPlatform
[2018.03.31-00.14.08:097][  0]LogTemp: Display: Loaded TP TVOSTargetPlatform
[2018.03.31-00.14.08:111][  0]LogTemp: Display: Loaded TP LinuxClientTargetPlatform
[2018.03.31-00.14.08:124][  0]LogTemp: Display: Loaded TP LinuxNoEditorTargetPlatform
[2018.03.31-00.14.08:138][  0]LogTemp: Display: Loaded TP LinuxServerTargetPlatform
[2018.03.31-00.14.08:153][  0]LogTemp: Display: Loaded TP LinuxTargetPlatform
[2018.03.31-00.14.08:153][  0]LogTargetPlatformManager: Display: Building Assets For Windows
[2018.03.31-00.14.08:251][  0]LogXGEController: Cannot use XGE Controller as Incredibuild is not installed on this machine.
[2018.03.31-00.14.08:251][  0]LogShaderCompilers: Cannot use XGE Shader Compiler as Incredibuild is not installed on this machine.
[2018.03.31-00.14.08:251][  0]LogShaderCompilers: Display: Using Local Shader Compiler.
[2018.03.31-00.14.08:900][  0]LogDerivedDataCache: Display: Max Cache Size: 512 MB
[2018.03.31-00.14.08:968][  0]LogDerivedDataCache: Loaded boot cache 0.07s 74MB C:/Users/Ian/AppData/Local/UnrealEngine/4.19/DerivedDataCache/Boot.ddc.
[2018.03.31-00.14.08:969][  0]LogDerivedDataCache: Display: Loaded Boot cache: C:/Users/Ian/AppData/Local/UnrealEngine/4.19/DerivedDataCache/Boot.ddc
[2018.03.31-00.14.08:969][  0]LogDerivedDataCache: FDerivedDataBackendGraph:  Pak pak cache file D:/Code/BattleTank/BattleTank/BattleTank/DerivedDataCache/DDC.ddp not found, will not use a pak cache.
[2018.03.31-00.14.08:969][  0]LogDerivedDataCache: Unable to find inner node Pak for hierarchical cache Hierarchy.
[2018.03.31-00.14.08:969][  0]LogDerivedDataCache: FDerivedDataBackendGraph:  CompressedPak pak cache file D:/Code/BattleTank/BattleTank/BattleTank/DerivedDataCache/Compressed.ddp not found, will not use a pak cache.
[2018.03.31-00.14.08:969][  0]LogDerivedDataCache: Unable to find inner node CompressedPak for hierarchical cache Hierarchy.
[2018.03.31-00.14.08:987][  0]LogDerivedDataCache: Display: Pak cache opened for reading ../../../Engine/DerivedDataCache/Compressed.ddp.
[2018.03.31-00.14.08:999][  0]LogDerivedDataCache: Using Local data cache path C:/Users/Ian/AppData/Local/UnrealEngine/Common/DerivedDataCache: Writable
[2018.03.31-00.14.09:016][  0]LogMaterial: Verifying Global Shaders for PCD3D_SM5
[2018.03.31-00.14.09:016][  0]LogSlate: Using Freetype 2.6.0
[2018.03.31-00.14.09:017][  0]LogSlate: SlateFontCache - WITH_FREETYPE: 1, WITH_HARFBUZZ: 1
[2018.03.31-00.14.09:017][  0]LogSlate: SlateFontCache - WITH_FREETYPE: 1, WITH_HARFBUZZ: 1
[2018.03.31-00.14.09:139][  0]LogAssetRegistry: FAssetRegistry took 0.0262 seconds to start up
[2018.03.31-00.14.09:460][  0]LogInit: Selected Device Profile: [Windows]
[2018.03.31-00.14.09:590][  0]LogSimplygon: Simplygon DLL not present - disabling.
[2018.03.31-00.14.09:593][  0]LogMeshReduction: Using SimplygonSwarm for distributed automatic mesh merging
[2018.03.31-00.14.09:593][  0]LogMeshReduction: Using QuadricMeshReduction for automatic static mesh reduction
[2018.03.31-00.14.09:593][  0]LogMeshReduction: No automatic skeletal mesh reduction module available
[2018.03.31-00.14.09:593][  0]LogMeshReduction: No automatic mesh merging module available
[2018.03.31-00.14.09:593][  0]LogMeshMerging: No automatic mesh merging module available
[2018.03.31-00.14.09:633][  0]LogNetVersion: BattleTank , NetCL: 3944462, EngineNetVer: 2, GameNetVer: 0 (Checksum: 612388110)
[2018.03.31-00.14.10:058][  0]LogPackageLocalizationCache: Processed 9 localized package path(s) for 2 prioritized culture(s) in 0.063842 seconds
[2018.03.31-00.14.10:066][  0]LogUObjectArray: 36728 objects as part of root set at end of initial load.
[2018.03.31-00.14.10:066][  0]LogUObjectAllocator: 7314312 out of 0 bytes used by permanent object pool.
[2018.03.31-00.14.10:066][  0]LogUObjectArray: CloseDisregardForGC: 0/0 objects in disregard for GC pool
[2018.03.31-00.14.11:531][  0]LogTcpMessaging: Initializing TcpMessaging bridge
[2018.03.31-00.14.11:572][  0]LogUdpMessaging: Initializing bridge on interface 0.0.0.0:0 to multicast group 230.0.0.1:6666.
[2018.03.31-00.14.11:906][  0]SourceControl: Source control is disabled
[2018.03.31-00.14.11:906][  0]SourceControl: Source control is disabled
[2018.03.31-00.14.11:921][  0]SourceControl: Source control is disabled
[2018.03.31-00.14.11:935][  0]SourceControl: Source control is disabled
[2018.03.31-00.14.12:359][  0]LogAndroidPermission: UAndroidPermissionCallbackProxy::GetInstance
[2018.03.31-00.14.12:499][  0]LogOcInput: OculusInput pre-init called
[2018.03.31-00.14.12:595][  0]LogEngine: Initializing Engine...
[2018.03.31-00.14.12:596][  0]LogHMD: Failed to initialize OpenVR with code 110
[2018.03.31-00.14.12:597][  0]LogStats: UGameplayTagsManager::ConstructGameplayTagTree: Construct from data asset -  0.000 s
[2018.03.31-00.14.12:597][  0]LogStats: UGameplayTagsManager::ConstructGameplayTagTree: GameplayTagTreeChangedEvent.Broadcast -  0.000 s
[2018.03.31-00.14.12:835][  0]LogAIModule: Creating AISystem for world Untitled
[2018.03.31-00.14.12:844][  0]LogInit: XAudio2 using 'Speakers (Realtek High Definition Audio)' : 6 channels at 48 kHz using 32 bits per sample (channel mask 0x3f)
[2018.03.31-00.14.12:877][  0]LogInit: FAudioDevice initialized.
[2018.03.31-00.14.12:930][  0]LogDerivedDataCache: Saved boot cache 0.05s 74MB C:/Users/Ian/AppData/Local/UnrealEngine/4.19/DerivedDataCache/Boot.ddc.
[2018.03.31-00.14.12:944][  0]LogInit: Texture streaming: Enabled
[2018.03.31-00.14.12:959][  0]LogEngineSessionManager: EngineSessionManager initialized
[2018.03.31-00.14.12:979][  0]LogInit: Transaction tracking system initialized
[2018.03.31-00.14.13:003][  0]BlueprintLog: New page: Editor Load
[2018.03.31-00.14.13:126][  0]LocalizationService: Localization service is disabled
[2018.03.31-00.14.13:232][  0]LogConsoleResponse: Display: 
[2018.03.31-00.14.13:357][  0]LogFileCache: Scanning file cache for directory 'D:/Code/BattleTank/BattleTank/BattleTank/Content/' took 0.01s
[2018.03.31-00.14.13:357][  0]LogCook: Display: Max memory allowance for cook 16384mb min free memory 0mb
[2018.03.31-00.14.13:357][  0]LogCook: Display: Mobile HDR setting 1
[2018.03.31-00.14.13:358][  0]LogGameplayTags: Display: UGameplayTagsManager::DoneAddingNativeTags. DelegateIsBound: 0
[2018.03.31-00.14.13:358][  0]LogStats: UGameplayTagsManager::ConstructGameplayTagTree: Construct from data asset -  0.000 s
[2018.03.31-00.14.13:358][  0]LogStats: UGameplayTagsManager::ConstructGameplayTagTree: GameplayTagTreeChangedEvent.Broadcast -  0.000 s
[2018.03.31-00.14.13:669][  0]SourceControl: Source control is disabled
[2018.03.31-00.14.13:669][  0]Cmd: MAP LOAD FILE="../../../Engine/Content/Maps/Templates/Template_Default.umap" TEMPLATE=1 SHOWPROGRESS=1 FEATURELEVEL=3
[2018.03.31-00.14.13:669][  0]LightingResults: New page: Lighting Build
[2018.03.31-00.14.13:672][  0]MapCheck: New page: Map Check
[2018.03.31-00.14.13:672][  0]LightingResults: New page: Lighting Build
[2018.03.31-00.14.13:868][  0]LogAIModule: Creating AISystem for world Untitled_1
[2018.03.31-00.14.13:873][  0]LogEditorServer: Finished looking for orphan Actors (0.000 secs)
[2018.03.31-00.14.13:881][  0]Cmd: MAP CHECKDEP NOCLEARLOG
[2018.03.31-00.14.13:918][  0]MapCheck: Map check complete: 0 Error(s), 0 Warning(s), took 35.954ms to complete.
[2018.03.31-00.14.13:918][  0]LogFileHelpers: Loading map 'Template_Default' took 0.248
[2018.03.31-00.14.14:034][  0]LogCollectionManager: Loaded 0 collections in 0.001553 seconds
[2018.03.31-00.14.14:089][  0]LogFileCache: Scanning file cache for directory 'D:/Code/BattleTank/BattleTank/BattleTank/Saved/Collections/' took 0.01s
[2018.03.31-00.14.14:089][  0]LogFileCache: Scanning file cache for directory 'D:/Code/BattleTank/BattleTank/BattleTank/Content/Developers/Ian/Collections/' took 0.01s
[2018.03.31-00.14.14:089][  0]LogFileCache: Scanning file cache for directory 'D:/Code/BattleTank/BattleTank/BattleTank/Content/Collections/' took 0.01s
[2018.03.31-00.14.14:090][  0]LogCollectionManager: Rebuilt the GUID cache for 0 collections in 0.000000 seconds
[2018.03.31-00.14.14:105][  0]LogContentBrowser: Native class hierarchy populated in 0.0153 seconds. Added 2454 classes and 562 folders.
[2018.03.31-00.14.14:112][  0]LogContentBrowser: Native class hierarchy updated for 'WidgetCarousel' in 0.0005 seconds. Added 0 classes and 0 folders.
[2018.03.31-00.14.14:147][  0]LogContentBrowser: Native class hierarchy updated for 'AddContentDialog' in 0.0005 seconds. Added 0 classes and 0 folders.
[2018.03.31-00.14.14:239][  0]LogSlate: Took 0.000216 seconds to synchronously load lazily loaded font '../../../Engine/Content/Slate/Fonts/Roboto-Regular.ttf' (155K)
[2018.03.31-00.14.14:245][  0]LogSlate: Took 0.000200 seconds to synchronously load lazily loaded font '../../../Engine/Content/Slate/Fonts/Roboto-Bold.ttf' (160K)
[2018.03.31-00.14.14:248][  0]LogSlate: Took 0.000180 seconds to synchronously load lazily loaded font '../../../Engine/Content/Editor/Slate/Fonts/FontAwesome.ttf' (139K)
[2018.03.31-00.14.14:248][  0]LogSlate: Took 0.000133 seconds to synchronously load lazily loaded font '../../../Engine/Content/Slate/Fonts/DroidSansMono.ttf' (77K)
[2018.03.31-00.14.14:370][  0]LogRenderer: Reallocating scene render targets to support 1520x704 Format 10 NumSamples 1 (Frame:1).
[2018.03.31-00.14.14:515][  0]LogContentBrowser: Native class hierarchy updated for 'HierarchicalLODOutliner' in 0.0005 seconds. Added 0 classes and 0 folders.
[2018.03.31-00.14.14:516][  0]LogLoad: (Engine Initialization) Total time: 10.76 seconds
[2018.03.31-00.14.14:516][  0]LogLoad: (Engine Initialization) Total Blueprint compile time: 0.00 seconds
[2018.03.31-00.14.14:525][  0]LogWindowsTextInputMethodSystem: Display: IME system now deactivated.
[2018.03.31-00.14.14:548][  0]LogContentStreaming: Texture pool size now 1000 MB
[2018.03.31-00.14.14:888][ 35]LogAssetRegistry: Asset discovery search completed in 5.7704 seconds
[2018.03.31-00.14.14:890][ 35]LogCollectionManager: Rebuilt the object cache for 0 collections in 0.000000 seconds (found 0 objects)
[2018.03.31-00.14.14:890][ 35]LogCollectionManager: Fixed up redirectors for 0 collections in 0.000206 seconds (updated 0 objects)
[2018.03.31-00.14.32:599][361]LogSlate: FSceneViewport::OnFocusLost() reason 2
[2018.03.31-00.14.34:078][533]LogSlate: FSceneViewport::OnFocusLost() reason 2
[2018.03.31-00.14.39:965][533]LogSlate: Window 'Save Level As' being destroyed
[2018.03.31-00.14.40:018][533]LogSlate: Took 0.000167 seconds to synchronously load lazily loaded font '../../../Engine/Content/Slate/Fonts/Roboto-Light.ttf' (167K)
[2018.03.31-00.14.40:021][533]LogSlate: FSceneViewport::OnFocusLost() reason 2
[2018.03.31-00.14.40:031][533]Cmd: OBJ SAVEPACKAGE PACKAGE="/Game/Battleground" FILE="D:/Code/BattleTank/BattleTank/BattleTank/Content/Battleground.umap" SILENT=true AUTOSAVING=false KEEPDIRTY=false
[2018.03.31-00.14.40:072][533]LogSavePackage: Save=29.38ms
[2018.03.31-00.14.40:072][533]LogSavePackage: Moving 'D:/Code/BattleTank/BattleTank/BattleTank/Saved/BattlegroundB29464494EDFA0E9137989AACA61D82E.tmp' to 'D:/Code/BattleTank/BattleTank/BattleTank/Content/Battleground.umap'
[2018.03.31-00.14.40:073][533]LogSavePackage: Display: Finished SavePackage D:/Code/BattleTank/BattleTank/BattleTank/Content/Battleground.umap
[2018.03.31-00.14.40:094][533]Cmd: OBJ SAVEPACKAGE PACKAGE="/Game/Battleground_BuiltData" FILE="D:/Code/BattleTank/BattleTank/BattleTank/Content/Battleground_BuiltData.uasset" SILENT=true
[2018.03.31-00.14.40:110][533]LogSavePackage: Save=14.04ms
[2018.03.31-00.14.40:110][533]LogSavePackage: Moving 'D:/Code/BattleTank/BattleTank/BattleTank/Saved/Battleground_BuiltData2530C37C4C3C25A23A19B7A8F8051816.tmp' to 'D:/Code/BattleTank/BattleTank/BattleTank/Content/Battleground_BuiltData.uasset'
[2018.03.31-00.14.40:111][533]LogSavePackage: Display: Finished SavePackage D:/Code/BattleTank/BattleTank/BattleTank/Content/Battleground_BuiltData.uasset
[2018.03.31-00.14.40:115][533]LogFileHelpers: Saving map 'Battleground' took 0.146
[2018.03.31-00.14.40:116][533]Cmd: MAP LOAD FILE="D:/Code/BattleTank/BattleTank/BattleTank/Content/Battleground.umap" TEMPLATE=0 SHOWPROGRESS=1 FEATURELEVEL=3
[2018.03.31-00.14.40:130][533]LogSlate: FSceneViewport::OnFocusLost() reason 2
[2018.03.31-00.14.40:135][533]LightingResults: New page: Lighting Build
[2018.03.31-00.14.40:136][533]LoadErrors: New page: Loading map: Battleground.umap
[2018.03.31-00.14.40:137][533]MapCheck: New page: Map Check
[2018.03.31-00.14.40:138][533]LightingResults: New page: Lighting Build
[2018.03.31-00.14.40:157][533]LogAIModule: Creating AISystem for world Battleground
[2018.03.31-00.14.40:166][533]LogEditorServer: Finished looking for orphan Actors (0.000 secs)
[2018.03.31-00.14.40:189][533]Cmd: MAP CHECKDEP NOCLEARLOG
[2018.03.31-00.14.40:230][533]MapCheck: Map check complete: 0 Error(s), 0 Warning(s), took 39.844ms to complete.
[2018.03.31-00.14.40:230][533]LogFileHelpers: Loading map 'Battleground' took 0.114
[2018.03.31-00.14.40:231][533]LoadErrors: Error: /Game/Battleground : Failed import for MapBuildDataRegistry /Game/Battleground_BuiltData.Battleground_BuiltData Referenced by export Level /Game/Battleground.Battleground:PersistentLevel
[2018.03.31-00.14.42:759][826]LogSlate: FSceneViewport::OnFocusLost() reason 2
[2018.03.31-00.14.44:028][977]LogSlate: FSceneViewport::OnFocusLost() reason 2
[2018.03.31-00.14.45:085][977]LogSlate: Only BGRA pngs, bmps or icos are supported in by External Image Picker
[2018.03.31-00.14.45:195][978]LogTemp: Executing iPhonePackager certificates Engine -bundlename com.YourCompany.BattleTank
[2018.03.31-00.14.45:195][978]LogTemp: CWD: E:\UE_4.19\Engine\Binaries\DotNET\IOS
[2018.03.31-00.14.45:195][978]LogTemp: Initial Dir: E:\UE_4.19
[2018.03.31-00.14.45:196][978]LogTemp: Env CWD: E:\UE_4.19\Engine\Binaries\DotNET\IOS
[2018.03.31-00.14.45:196][978]LogTemp: BranchPath = THEBEAST/E/UE_4.19/Engine/Binaries --- GameBranchPath = THEBEAST/E/UE_4.19/Engine/Binaries
[2018.03.31-00.14.45:196][978]LogTemp: IPP ERROR: Could not find provision directory 'C:\Users\Ian\AppData\Local/Apple Computer/MobileDevice/Provisioning Profiles/'.
[2018.03.31-00.14.55:684][197]LogSlate: Window 'Project Settings' being destroyed
[2018.03.31-00.14.55:686][197]LogSlate: Window 'Project Settings' being destroyed
[2018.03.31-00.14.56:536][297]LogEditorViewport: Clicking on Actor (LMB): StaticMeshActor (Floor)
[2018.03.31-00.14.57:210][367]Cmd: DELETE
[2018.03.31-00.14.57:210][367]Cmd: ACTOR DELETE
[2018.03.31-00.14.57:220][367]LogEditorActor: Deleted Actor: StaticMeshActor
[2018.03.31-00.14.57:227][367]LogEditorActor: Deleted 1 Actors (0.014 secs)
[2018.03.31-00.15.11:328][ 42]LogSlate: FSceneViewport::OnFocusLost() reason 0
[2018.03.31-00.15.11:337][ 42]LogSlate: Took 0.000153 seconds to synchronously load lazily loaded font '../../../Engine/Content/Slate/Fonts/Roboto-Light.ttf' (167K)
[2018.03.31-00.15.21:094][187]LogMaterial: Missing cached shader map for material LayerVisMaterial, compiling. 
[2018.03.31-00.15.21:119][187]LogShaderCompilers: Display: Shaders left to compile 8
[2018.03.31-00.15.21:119][187]LogMaterial: Missing cached shader map for material SelectBrushMaterial, compiling. 
[2018.03.31-00.15.21:138][187]LogMaterial: Missing cached shader map for material SelectBrushMaterial, compiling. 
[2018.03.31-00.15.21:156][187]LogShaderCompilers: Display: Shaders left to compile 40
[2018.03.31-00.15.21:156][187]LogShaderCompilers: Display: Shaders left to compile 30
[2018.03.31-00.15.21:156][187]LogShaderCompilers: Display: Shaders left to compile 20
[2018.03.31-00.15.21:156][187]LogShaderCompilers: Display: Shaders left to compile 10
[2018.03.31-00.15.21:157][187]LogMaterial: Missing cached shader map for material MaskBrushMaterial, compiling. 
[2018.03.31-00.15.21:193][187]LogMaterial: Missing cached shader map for material LandscapeLayerUsageMaterial, compiling. 
[2018.03.31-00.15.21:221][187]LogShaderCompilers: Display: Shaders left to compile 28
[2018.03.31-00.15.21:222][187]LogShaderCompilers: Display: Shaders left to compile 18
[2018.03.31-00.15.21:222][187]LogShaderCompilers: Display: Shaders left to compile 8
[2018.03.31-00.15.21:222][187]LogMaterial: Missing cached shader map for material CircleBrushMaterial, compiling. 
[2018.03.31-00.15.21:234][187]LogMaterial: Missing cached shader map for material CircleBrushMaterial, compiling. 
[2018.03.31-00.15.21:246][187]LogMaterial: Missing cached shader map for material CircleBrushMaterial, compiling. 
[2018.03.31-00.15.21:261][187]LogMaterial: Missing cached shader map for material CircleBrushMaterial, compiling. 
[2018.03.31-00.15.21:280][187]LogMaterial: Missing cached shader map for material AlphaBrushMaterial, compiling. 
[2018.03.31-00.15.21:294][187]LogShaderCompilers: Display: Shaders left to compile 80
[2018.03.31-00.15.21:294][187]LogShaderCompilers: Display: Shaders left to compile 70
[2018.03.31-00.15.21:294][187]LogShaderCompilers: Display: Shaders left to compile 60
[2018.03.31-00.15.21:295][187]LogShaderCompilers: Display: Shaders left to compile 50
[2018.03.31-00.15.21:295][187]LogMaterial: Missing cached shader map for material CircleBrushMaterial, compiling. 
[2018.03.31-00.15.21:309][187]LogMaterial: Missing cached shader map for material MaskBrushMaterial, compiling. 
[2018.03.31-00.15.21:322][187]LogTexture: Display: Building textures: Texture2D_2 (G8, 128X128)
[2018.03.31-00.15.22:658][301]LogEditorSelectUtils: Warning: SelectActor: The requested operation could not be completed because the actor has invalid flags. (Landscape)
[2018.03.31-00.15.22:658][301]LogActorComponent: RegisterComponentWithWorld: (/Game/Battleground.Battleground:PersistentLevel.Landscape_2.RootComponent0) Trying to register component with IsPendingKill() == true. Aborting.
[2018.03.31-00.15.22:659][301]LogEditorSelectUtils: Warning: SelectActor: The requested operation could not be completed because the actor has invalid flags. (Landscape)
[2018.03.31-00.15.24:293][426]LogShaderCompilers: Display: Shaders left to compile 100
[2018.03.31-00.15.24:379][432]LogShaderCompilers: Display: Shaders left to compile 90
[2018.03.31-00.15.25:268][503]LogShaderCompilers: Display: Shaders left to compile 80
[2018.03.31-00.15.25:424][518]LogShaderCompilers: Display: Shaders left to compile 70
[2018.03.31-00.15.25:460][521]LogShaderCompilers: Display: Shaders left to compile 60
[2018.03.31-00.15.25:566][529]LogShaderCompilers: Display: Shaders left to compile 50
[2018.03.31-00.15.25:576][530]LogShaderCompilers: Display: Shaders left to compile 40
[2018.03.31-00.15.25:602][532]LogShaderCompilers: Display: Shaders left to compile 30
[2018.03.31-00.15.25:656][536]LogShaderCompilers: Display: Shaders left to compile 20
[2018.03.31-00.15.25:705][541]LogShaderCompilers: Display: Shaders left to compile 10
[2018.03.31-00.15.27:289][686]LogSlate: FSceneViewport::OnFocusLost() reason 0
[2018.03.31-00.16.02:419][614]LogTexture: Display: Building textures: Texture2D_0 (BGRA8, 512X512)
[2018.03.31-00.16.02:435][614]LogTexture: Display: Building textures: Texture2D_1 (BGRA8, 512X512)
[2018.03.31-00.16.02:449][614]LogTexture: Display: Building textures: Texture2D_2 (BGRA8, 512X512)
[2018.03.31-00.16.02:462][614]LogTexture: Display: Building textures: Texture2D_3 (BGRA8, 512X512)
[2018.03.31-00.16.02:476][614]LogTexture: Display: Building textures: Texture2D_4 (BGRA8, 512X512)
[2018.03.31-00.16.02:489][614]LogTexture: Display: Building textures: Texture2D_5 (BGRA8, 512X512)
[2018.03.31-00.16.02:504][614]LogTexture: Display: Building textures: Texture2D_6 (BGRA8, 512X512)
[2018.03.31-00.16.02:517][614]LogTexture: Display: Building textures: Texture2D_7 (BGRA8, 512X512)
[2018.03.31-00.16.02:531][614]LogTexture: Display: Building textures: Texture2D_8 (BGRA8, 512X512)
[2018.03.31-00.16.02:544][614]LogTexture: Display: Building textures: Texture2D_9 (BGRA8, 512X512)
[2018.03.31-00.16.02:557][614]LogTexture: Display: Building textures: Texture2D_10 (BGRA8, 512X512)
[2018.03.31-00.16.02:570][614]LogTexture: Display: Building textures: Texture2D_11 (BGRA8, 512X512)
[2018.03.31-00.16.02:583][614]LogTexture: Display: Building textures: Texture2D_12 (BGRA8, 512X512)
[2018.03.31-00.16.02:596][614]LogTexture: Display: Building textures: Texture2D_13 (BGRA8, 512X512)
[2018.03.31-00.16.02:609][614]LogTexture: Display: Building textures: Texture2D_14 (BGRA8, 512X512)
[2018.03.31-00.16.02:623][614]LogTexture: Display: Building textures: Texture2D_15 (BGRA8, 512X512)
[2018.03.31-00.16.02:636][614]LogMaterial: Missing cached shader map for material WorldGridMaterial, compiling. Is special engine material.
[2018.03.31-00.16.06:198][614]LogShaderCompilers: Display: Shaders left to compile 112
[2018.03.31-00.16.06:198][614]LogShaderCompilers: Display: Shaders left to compile 111
[2018.03.31-00.16.06:198][614]LogShaderCompilers: Display: Shaders left to compile 110
[2018.03.31-00.16.06:199][614]LogShaderCompilers: Display: Shaders left to compile 109
[2018.03.31-00.16.06:199][614]LogShaderCompilers: Display: Shaders left to compile 108
[2018.03.31-00.16.06:199][614]LogShaderCompilers: Display: Shaders left to compile 107
[2018.03.31-00.16.06:199][614]LogShaderCompilers: Display: Shaders left to compile 106
[2018.03.31-00.16.06:199][614]LogShaderCompilers: Display: Shaders left to compile 105
[2018.03.31-00.16.06:199][614]LogShaderCompilers: Display: Shaders left to compile 104
[2018.03.31-00.16.06:199][614]LogShaderCompilers: Display: Shaders left to compile 103
[2018.03.31-00.16.06:199][614]LogShaderCompilers: Display: Shaders left to compile 102
[2018.03.31-00.16.06:199][614]LogShaderCompilers: Display: Shaders left to compile 101
[2018.03.31-00.16.06:200][614]LogShaderCompilers: Display: Shaders left to compile 100
[2018.03.31-00.16.06:200][614]LogShaderCompilers: Display: Shaders left to compile 99
[2018.03.31-00.16.06:200][614]LogShaderCompilers: Display: Shaders left to compile 98
[2018.03.31-00.16.06:200][614]LogShaderCompilers: Display: Shaders left to compile 97
[2018.03.31-00.16.06:200][614]LogShaderCompilers: Display: Shaders left to compile 96
[2018.03.31-00.16.06:200][614]LogShaderCompilers: Display: Shaders left to compile 95
[2018.03.31-00.16.06:200][614]LogShaderCompilers: Display: Shaders left to compile 94
[2018.03.31-00.16.06:200][614]LogShaderCompilers: Display: Shaders left to compile 93
[2018.03.31-00.16.06:200][614]LogShaderCompilers: Display: Shaders left to compile 92
[2018.03.31-00.16.06:201][614]LogShaderCompilers: Display: Shaders left to compile 91
[2018.03.31-00.16.06:201][614]LogShaderCompilers: Display: Shaders left to compile 90
[2018.03.31-00.16.06:201][614]LogShaderCompilers: Display: Shaders left to compile 89
[2018.03.31-00.16.06:201][614]LogShaderCompilers: Display: Shaders left to compile 88
[2018.03.31-00.16.06:201][614]LogShaderCompilers: Display: Shaders left to compile 87
[2018.03.31-00.16.06:201][614]LogShaderCompilers: Display: Shaders left to compile 86
[2018.03.31-00.16.06:201][614]LogShaderCompilers: Display: Shaders left to compile 85
[2018.03.31-00.16.06:201][614]LogShaderCompilers: Display: Shaders left to compile 84
[2018.03.31-00.16.06:201][614]LogShaderCompilers: Display: Shaders left to compile 83
[2018.03.31-00.16.06:201][614]LogShaderCompilers: Display: Shaders left to compile 82
[2018.03.31-00.16.06:202][614]LogShaderCompilers: Display: Shaders left to compile 81
[2018.03.31-00.16.06:202][614]LogShaderCompilers: Display: Shaders left to compile 80
[2018.03.31-00.16.06:202][614]LogShaderCompilers: Display: Shaders left to compile 79
[2018.03.31-00.16.06:202][614]LogShaderCompilers: Display: Shaders left to compile 78
[2018.03.31-00.16.06:202][614]LogShaderCompilers: Display: Shaders left to compile 77
[2018.03.31-00.16.06:202][614]LogShaderCompilers: Display: Shaders left to compile 76
[2018.03.31-00.16.06:202][614]LogShaderCompilers: Display: Shaders left to compile 75
[2018.03.31-00.16.06:202][614]LogShaderCompilers: Display: Shaders left to compile 74
[2018.03.31-00.16.06:202][614]LogShaderCompilers: Display: Shaders left to compile 73
[2018.03.31-00.16.06:203][614]LogShaderCompilers: Display: Shaders left to compile 72
[2018.03.31-00.16.06:203][614]LogShaderCompilers: Display: Shaders left to compile 71
[2018.03.31-00.16.06:203][614]LogShaderCompilers: Display: Shaders left to compile 70
[2018.03.31-00.16.06:203][614]LogShaderCompilers: Display: Shaders left to compile 69
[2018.03.31-00.16.06:203][614]LogShaderCompilers: Display: Shaders left to compile 68
[2018.03.31-00.16.06:203][614]LogShaderCompilers: Display: Shaders left to compile 67
[2018.03.31-00.16.06:203][614]LogShaderCompilers: Display: Shaders left to compile 66
[2018.03.31-00.16.06:203][614]LogShaderCompilers: Display: Shaders left to compile 65
[2018.03.31-00.16.06:203][614]LogShaderCompilers: Display: Shaders left to compile 64
[2018.03.31-00.16.06:204][614]LogShaderCompilers: Display: Shaders left to compile 63
[2018.03.31-00.16.06:204][614]LogShaderCompilers: Display: Shaders left to compile 62
[2018.03.31-00.16.06:204][614]LogShaderCompilers: Display: Shaders left to compile 61
[2018.03.31-00.16.06:204][614]LogShaderCompilers: Display: Shaders left to compile 60
[2018.03.31-00.16.06:204][614]LogShaderCompilers: Display: Shaders left to compile 59
[2018.03.31-00.16.06:204][614]LogShaderCompilers: Display: Shaders left to compile 58
[2018.03.31-00.16.06:204][614]LogShaderCompilers: Display: Shaders left to compile 57
[2018.03.31-00.16.06:204][614]LogShaderCompilers: Display: Shaders left to compile 56
[2018.03.31-00.16.06:204][614]LogShaderCompilers: Display: Shaders left to compile 55
[2018.03.31-00.16.06:204][614]LogShaderCompilers: Display: Shaders left to compile 54
[2018.03.31-00.16.06:205][614]LogShaderCompilers: Display: Shaders left to compile 53
[2018.03.31-00.16.06:205][614]LogShaderCompilers: Display: Shaders left to compile 52
[2018.03.31-00.16.06:205][614]LogShaderCompilers: Display: Shaders left to compile 51
[2018.03.31-00.16.06:205][614]LogShaderCompilers: Display: Shaders left to compile 50
[2018.03.31-00.16.06:205][614]LogShaderCompilers: Display: Shaders left to compile 49
[2018.03.31-00.16.06:205][614]LogShaderCompilers: Display: Shaders left to compile 48
[2018.03.31-00.16.06:205][614]LogShaderCompilers: Display: Shaders left to compile 47
[2018.03.31-00.16.06:205][614]LogShaderCompilers: Display: Shaders left to compile 46
[2018.03.31-00.16.06:205][614]LogShaderCompilers: Display: Shaders left to compile 45
[2018.03.31-00.16.06:206][614]LogShaderCompilers: Display: Shaders left to compile 44
[2018.03.31-00.16.06:206][614]LogShaderCompilers: Display: Shaders left to compile 43
[2018.03.31-00.16.06:206][614]LogShaderCompilers: Display: Shaders left to compile 42
[2018.03.31-00.16.06:206][614]LogShaderCompilers: Display: Shaders left to compile 41
[2018.03.31-00.16.06:206][614]LogShaderCompilers: Display: Shaders left to compile 40
[2018.03.31-00.16.06:206][614]LogShaderCompilers: Display: Shaders left to compile 39
[2018.03.31-00.16.06:206][614]LogShaderCompilers: Display: Shaders left to compile 38
[2018.03.31-00.16.06:206][614]LogShaderCompilers: Display: Shaders left to compile 37
[2018.03.31-00.16.06:206][614]LogShaderCompilers: Display: Shaders left to compile 36
[2018.03.31-00.16.06:206][614]LogShaderCompilers: Display: Shaders left to compile 35
[2018.03.31-00.16.06:207][614]LogShaderCompilers: Display: Shaders left to compile 34
[2018.03.31-00.16.06:207][614]LogShaderCompilers: Display: Shaders left to compile 33
[2018.03.31-00.16.06:207][614]LogShaderCompilers: Display: Shaders left to compile 32
[2018.03.31-00.16.06:207][614]LogShaderCompilers: Display: Shaders left to compile 31
[2018.03.31-00.16.06:207][614]LogShaderCompilers: Display: Shaders left to compile 30
[2018.03.31-00.16.06:207][614]LogShaderCompilers: Display: Shaders left to compile 29
[2018.03.31-00.16.06:207][614]LogShaderCompilers: Display: Shaders left to compile 28
[2018.03.31-00.16.06:207][614]LogShaderCompilers: Display: Shaders left to compile 27
[2018.03.31-00.16.06:207][614]LogShaderCompilers: Display: Shaders left to compile 26
[2018.03.31-00.16.06:208][614]LogShaderCompilers: Display: Shaders left to compile 25
[2018.03.31-00.16.06:208][614]LogShaderCompilers: Display: Shaders left to compile 24
[2018.03.31-00.16.06:208][614]LogShaderCompilers: Display: Shaders left to compile 23
[2018.03.31-00.16.06:208][614]LogShaderCompilers: Display: Shaders left to compile 22
[2018.03.31-00.16.06:208][614]LogShaderCompilers: Display: Shaders left to compile 21
[2018.03.31-00.16.06:208][614]LogShaderCompilers: Display: Shaders left to compile 20
[2018.03.31-00.16.06:208][614]LogShaderCompilers: Display: Shaders left to compile 19
[2018.03.31-00.16.06:208][614]LogShaderCompilers: Display: Shaders left to compile 18
[2018.03.31-00.16.06:208][614]LogShaderCompilers: Display: Shaders left to compile 17
[2018.03.31-00.16.06:208][614]LogShaderCompilers: Display: Shaders left to compile 16
[2018.03.31-00.16.06:209][614]LogShaderCompilers: Display: Shaders left to compile 15
[2018.03.31-00.16.06:209][614]LogShaderCompilers: Display: Shaders left to compile 14
[2018.03.31-00.16.06:209][614]LogShaderCompilers: Display: Shaders left to compile 13
[2018.03.31-00.16.06:209][614]LogShaderCompilers: Display: Shaders left to compile 12
[2018.03.31-00.16.06:209][614]LogShaderCompilers: Display: Shaders left to compile 11
[2018.03.31-00.16.06:209][614]LogShaderCompilers: Display: Shaders left to compile 10
[2018.03.31-00.16.06:209][614]LogShaderCompilers: Display: Shaders left to compile 9
[2018.03.31-00.16.06:209][614]LogShaderCompilers: Display: Shaders left to compile 8
[2018.03.31-00.16.06:209][614]LogShaderCompilers: Display: Shaders left to compile 7
[2018.03.31-00.16.06:210][614]LogShaderCompilers: Display: Shaders left to compile 6
[2018.03.31-00.16.06:210][614]LogShaderCompilers: Display: Shaders left to compile 5
[2018.03.31-00.16.06:210][614]LogShaderCompilers: Display: Shaders left to compile 4
[2018.03.31-00.16.06:210][614]LogShaderCompilers: Display: Shaders left to compile 3
[2018.03.31-00.16.06:210][614]LogShaderCompilers: Display: Shaders left to compile 2
[2018.03.31-00.16.06:210][614]LogShaderCompilers: Display: Shaders left to compile 1
[2018.03.31-00.16.11:192][ 98]Cmd: TRANSACTION UNDO
[2018.03.31-00.16.11:192][ 98]LogEditorTransaction: Undo Landscape Editing: Sculpt
[2018.03.31-00.16.13:504][341]LogSlate: FSceneViewport::OnFocusLost() reason 2
[2018.03.31-00.16.23:255][446]LogSlate: FSceneViewport::OnFocusLost() reason 0
[2018.03.31-00.16.23:371][460]LogTemp: Repeating last play command: Selected Viewport
[2018.03.31-00.16.23:383][460]LogPlayLevel: PlayLevel: No blueprints needed recompiling
[2018.03.31-00.16.23:383][460]PIE: New page: PIE session: Battleground (Mar 30, 2018, 10:16:23 AM)
[2018.03.31-00.16.23:383][460]LogPlayLevel: Creating play world package: /Game/UEDPIE_0_Battleground
[2018.03.31-00.16.23:507][460]LogPlayLevel: PIE: StaticDuplicateObject took: (0.123712s)
[2018.03.31-00.16.23:508][460]LogAIModule: Creating AISystem for world Battleground
[2018.03.31-00.16.23:508][460]LogPlayLevel: PIE: World Init took: (0.000924s)
[2018.03.31-00.16.23:508][460]LogPlayLevel: PIE: Created PIE world by copying editor world from /Game/Battleground.Battleground to /Game/UEDPIE_0_Battleground.Battleground (0.125212s)
[2018.03.31-00.16.23:520][460]LogInit: XAudio2 using 'Speakers (Realtek High Definition Audio)' : 6 channels at 48 kHz using 32 bits per sample (channel mask 0x3f)
[2018.03.31-00.16.23:549][460]LogInit: FAudioDevice initialized.
[2018.03.31-00.16.23:591][460]LogLoad: Game class is 'GameModeBase'
[2018.03.31-00.16.23:627][460]LogWorld: Bringing World /Game/UEDPIE_0_Battleground.Battleground up for play (max tick rate 0) at 2018.03.30-17.16.23
[2018.03.31-00.16.23:628][460]LogWorld: Bringing up level for play took: 0.035189
[2018.03.31-00.16.23:632][460]LogContentBrowser: Native class hierarchy updated for 'MovieSceneCapture' in 0.0006 seconds. Added 11 classes and 0 folders.
[2018.03.31-00.16.23:633][460]PIE: Play in editor start time for /Game/UEDPIE_0_Battleground 0.647
[2018.03.31-00.16.40:782][412]LogSlate: FSceneViewport::OnFocusLost() reason 0
[2018.03.31-00.16.47:794][744]LogSlate: FSceneViewport::OnFocusLost() reason 0
[2018.03.31-00.16.56:485][529]LogSlate: Window 'Save Asset As' being destroyed
[2018.03.31-00.16.58:143][727]LogSlate: FSceneViewport::OnFocusLost() reason 0
[2018.03.31-00.16.58:245][739]LogActorComponent: UnregisterComponent: (/Engine/Transient.SphereBrushComponent) Not registered. Aborting.
[2018.03.31-00.17.24:270][529]Cmd: SELECT NONE
[2018.03.31-00.17.24:606][568]Cmd: SELECT NONE
[2018.03.31-00.17.26:005][734]Cmd: SELECT NONE
[2018.03.31-00.17.26:338][774]LogSlate: FSceneViewport::OnFocusLost() reason 0
[2018.03.31-00.17.39:729][169]Cmd: SELECT NONE
[2018.03.31-00.17.41:148][298]Cmd: SELECT NONE
[2018.03.31-00.17.42:560][432]Cmd: CAMERA ALIGN ACTIVEVIEWPORTONLY
[2018.03.31-00.17.42:560][432]Can't find target actor or component.
[2018.03.31-00.17.45:848][694]Cmd: TRANSACTION UNDO
[2018.03.31-00.17.45:849][694]LogEditorTransaction: Undo Select None
[2018.03.31-00.17.46:772][768]Cmd: TRANSACTION UNDO
[2018.03.31-00.17.46:772][768]LogEditorTransaction: Undo Select None
[2018.03.31-00.17.47:078][795]Cmd: TRANSACTION UNDO
[2018.03.31-00.17.47:078][795]LogEditorTransaction: Undo Select None
[2018.03.31-00.17.47:277][813]Cmd: TRANSACTION UNDO
[2018.03.31-00.17.47:277][813]LogEditorTransaction: Undo Select None
[2018.03.31-00.17.47:458][829]Cmd: TRANSACTION UNDO
[2018.03.31-00.17.47:458][829]LogEditorTransaction: Undo Select None
[2018.03.31-00.17.47:793][859]Cmd: TRANSACTION UNDO
[2018.03.31-00.17.47:794][859]LogEditorTransaction: Undo Foliage Editing
[2018.03.31-00.17.47:963][872]Cmd: TRANSACTION UNDO
[2018.03.31-00.17.47:963][872]LogEditorTransaction: Undo Move Actors
[2018.03.31-00.17.48:153][887]Cmd: TRANSACTION UNDO
[2018.03.31-00.17.48:153][887]LogEditorTransaction: Undo Move Actors
[2018.03.31-00.17.48:362][905]Cmd: TRANSACTION UNDO
[2018.03.31-00.17.48:362][905]LogEditorTransaction: Undo Creating New Landscape
[2018.03.31-00.17.48:627][905]Cmd: TRANSACTION UNDO
[2018.03.31-00.17.48:627][905]LogEditorTransaction: Undo Create Actors
[2018.03.31-00.17.48:713][912]Cmd: TRANSACTION UNDO
[2018.03.31-00.17.48:713][912]LogEditorTransaction: Undo Delete Actors
[2018.03.31-00.17.50:254][ 92]Cmd: TRANSACTION UNDO
[2018.03.31-00.17.50:255][ 92]LogEditorTransaction: Undo Clicking on Actors
[2018.03.31-00.17.50:441][112]Cmd: TRANSACTION UNDO
[2018.03.31-00.17.50:442][112]LogEditorTransaction: Undo Edit Editor Startup Map
[2018.03.31-00.17.50:613][130]Cmd: TRANSACTION UNDO
[2018.03.31-00.17.50:613][130]LogEditorTransaction: Undo Edit Game Default Map
[2018.03.31-00.17.52:498][354]LogEditorViewport: Clicking on Actor (LMB): BP_Sky_Sphere_C (Sky Sphere)
[2018.03.31-00.17.57:358][935]LogSlate: FSceneViewport::OnFocusLost() reason 0
[2018.03.31-00.17.58:091][ 23]Cmd: CAMERA ALIGN ACTIVEVIEWPORTONLY
[2018.03.31-00.17.58:092][ 23]Can't find target actor or component.
[2018.03.31-00.17.58:858][115]Cmd: CAMERA ALIGN ACTIVEVIEWPORTONLY
[2018.03.31-00.17.58:858][115]Can't find target actor or component.
[2018.03.31-00.18.00:240][280]Cmd: SELECT NONE
[2018.03.31-00.18.00:714][336]Cmd: SELECT NONE
[2018.03.31-00.18.01:075][378]Cmd: SELECT NONE
[2018.03.31-00.18.01:259][400]Cmd: SELECT NONE
[2018.03.31-00.18.01:458][423]Cmd: SELECT NONE
[2018.03.31-00.18.01:891][474]LogEditorViewport: Clicking on Actor (context menu): BP_Sky_Sphere_C (Sky Sphere)
[2018.03.31-00.18.01:925][474]LogSlate: FSceneViewport::OnFocusLost() reason 2
[2018.03.31-00.18.03:845][690]LogSlate: FSceneViewport::OnFocusLost() reason 0
[2018.03.31-00.18.04:785][801]LogEditorViewport: Clicking on Actor (LMB): StaticMeshActor (Floor)
[2018.03.31-00.18.06:042][951]LogEditorViewport: Clicking on Actor (context menu): StaticMeshActor (Floor)
[2018.03.31-00.18.06:073][951]LogSlate: FSceneViewport::OnFocusLost() reason 2
[2018.03.31-00.18.10:472][477]LogSlate: FSceneViewport::OnFocusLost() reason 0
[2018.03.31-00.18.17:940][284]LogTexture: Display: Building textures: Texture2D_16 (BGRA8, 512X512)
[2018.03.31-00.18.17:956][284]LogTexture: Display: Building textures: Texture2D_17 (BGRA8, 512X512)
[2018.03.31-00.18.17:972][284]LogTexture: Display: Building textures: Texture2D_18 (BGRA8, 512X512)
[2018.03.31-00.18.17:987][284]LogTexture: Display: Building textures: Texture2D_19 (BGRA8, 512X512)
[2018.03.31-00.18.18:003][284]LogTexture: Display: Building textures: Texture2D_20 (BGRA8, 512X512)
[2018.03.31-00.18.18:018][284]LogTexture: Display: Building textures: Texture2D_21 (BGRA8, 512X512)
[2018.03.31-00.18.18:034][284]LogTexture: Display: Building textures: Texture2D_22 (BGRA8, 512X512)
[2018.03.31-00.18.18:050][284]LogTexture: Display: Building textures: Texture2D_23 (BGRA8, 512X512)
[2018.03.31-00.18.18:065][284]LogTexture: Display: Building textures: Texture2D_24 (BGRA8, 512X512)
[2018.03.31-00.18.18:079][284]LogTexture: Display: Building textures: Texture2D_25 (BGRA8, 512X512)
[2018.03.31-00.18.18:093][284]LogTexture: Display: Building textures: Texture2D_26 (BGRA8, 512X512)
[2018.03.31-00.18.18:109][284]LogTexture: Display: Building textures: Texture2D_27 (BGRA8, 512X512)
[2018.03.31-00.18.18:125][284]LogTexture: Display: Building textures: Texture2D_28 (BGRA8, 512X512)
[2018.03.31-00.18.18:141][284]LogTexture: Display: Building textures: Texture2D_29 (BGRA8, 512X512)
[2018.03.31-00.18.18:156][284]LogTexture: Display: Building textures: Texture2D_30 (BGRA8, 512X512)
[2018.03.31-00.18.18:170][284]LogTexture: Display: Building textures: Texture2D_31 (BGRA8, 512X512)
[2018.03.31-00.18.22:555][696]Cmd: SELECT NONE
[2018.03.31-00.18.22:755][720]Cmd: SELECT NONE
[2018.03.31-00.18.23:057][754]Cmd: SELECT NONE
[2018.03.31-00.18.23:242][775]Cmd: SELECT NONE
[2018.03.31-00.18.23:426][797]Cmd: SELECT NONE
[2018.03.31-00.18.23:596][816]Cmd: SELECT NONE
[2018.03.31-00.18.23:772][836]Cmd: SELECT NONE
[2018.03.31-00.18.25:179][  1]LogSlate: FSceneViewport::OnFocusLost() reason 2
[2018.03.31-00.18.32:134][520]LogSlate: FSceneViewport::OnFocusLost() reason 0
[2018.03.31-00.18.32:907][610]LogEditorViewport: Clicking on Actor (LMB): Landscape (Landscape1)
[2018.03.31-00.18.38:610][242]LogSlate: FSceneViewport::OnFocusLost() reason 0
[2018.03.31-00.18.38:877][274]LogTemp: Repeating last play command: Selected Viewport
[2018.03.31-00.18.38:889][274]LogPlayLevel: PlayLevel: No blueprints needed recompiling
[2018.03.31-00.18.38:889][274]PIE: New page: PIE session: Battleground (Mar 30, 2018, 10:18:38 AM)
[2018.03.31-00.18.38:889][274]LogPlayLevel: Creating play world package: /Game/UEDPIE_0_Battleground
[2018.03.31-00.18.39:008][274]LogPlayLevel: PIE: StaticDuplicateObject took: (0.118525s)
[2018.03.31-00.18.39:009][274]LogAIModule: Creating AISystem for world Battleground
[2018.03.31-00.18.39:009][274]LogPlayLevel: PIE: World Init took: (0.000770s)
[2018.03.31-00.18.39:009][274]LogPlayLevel: PIE: Created PIE world by copying editor world from /Game/Battleground.Battleground to /Game/UEDPIE_0_Battleground.Battleground (0.119820s)
[2018.03.31-00.18.39:062][274]LogInit: XAudio2 using 'Speakers (Realtek High Definition Audio)' : 6 channels at 48 kHz using 32 bits per sample (channel mask 0x3f)
[2018.03.31-00.18.39:091][274]LogInit: FAudioDevice initialized.
[2018.03.31-00.18.39:127][274]LogLoad: Game class is 'GameModeBase'
[2018.03.31-00.18.39:169][274]LogWorld: Bringing World /Game/UEDPIE_0_Battleground.Battleground up for play (max tick rate 0) at 2018.03.30-17.18.39
[2018.03.31-00.18.39:169][274]LogWorld: Bringing up level for play took: 0.041499
[2018.03.31-00.18.39:172][274]PIE: Play in editor start time for /Game/UEDPIE_0_Battleground 0.186
[2018.03.31-00.18.49:054][444]LogSlate: FSceneViewport::OnFocusLost() reason 0
[2018.03.31-00.18.55:542][ 77]Cmd: DELETE
[2018.03.31-00.18.55:542][ 77]Cmd: ACTOR DELETE
[2018.03.31-00.18.55:570][ 77]LogEditorActor: Deleted Actor: Landscape
[2018.03.31-00.18.55:728][ 77]LogEditorActor: Deleted 1 Actors (0.186 secs)
[2018.03.31-00.18.57:132][245]LogEditorViewport: Clicking on Actor (LMB): BP_Sky_Sphere_C (Sky Sphere)
[2018.03.31-00.18.57:666][306]Cmd: DELETE
[2018.03.31-00.18.57:666][306]Cmd: ACTOR DELETE
[2018.03.31-00.18.57:673][306]LogEditorActor: Deleted Actor: BP_Sky_Sphere_C
[2018.03.31-00.18.57:680][306]LogEditorActor: Deleted 1 Actors (0.014 secs)
[2018.03.31-00.18.58:515][406]LogEditorViewport: Clicking on Actor (LMB): StaticMeshActor (Floor)
[2018.03.31-00.18.59:326][499]LogEditorViewport: Clicking Background
[2018.03.31-00.18.59:690][541]Cmd: TRANSACTION UNDO
[2018.03.31-00.18.59:690][541]LogEditorTransaction: Undo Clicking Background
[2018.03.31-00.19.00:886][672]Cmd: TRANSACTION UNDO
[2018.03.31-00.19.00:886][672]LogEditorTransaction: Undo Clicking on Actors
[2018.03.31-00.19.02:933][917]LogEditorViewport: Clicking on Actor (LMB): StaticMeshActor (Floor)
[2018.03.31-00.19.03:816][ 18]Cmd: DELETE
[2018.03.31-00.19.03:817][ 18]Cmd: ACTOR DELETE
[2018.03.31-00.19.03:823][ 18]LogEditorActor: Deleted Actor: StaticMeshActor
[2018.03.31-00.19.03:831][ 18]LogEditorActor: Deleted 1 Actors (0.015 secs)
[2018.03.31-00.19.05:856][261]LogEditorViewport: Clicking on Actor (LMB): SphereReflectionCapture (SphereReflectionCapture)
[2018.03.31-00.19.06:400][323]Cmd: CAMERA ALIGN ACTIVEVIEWPORTONLY
[2018.03.31-00.19.10:355][786]Cmd: CAMERA ALIGN ACTIVEVIEWPORTONLY
[2018.03.31-00.19.43:507][421]LogSlate: FSceneViewport::OnFocusLost() reason 2
[2018.03.31-00.19.44:336][518]LogSlate: FSceneViewport::OnFocusLost() reason 2
[2018.03.31-00.19.44:388][518]Cmd: OBJ SAVEPACKAGE PACKAGE="/Game/Battleground" FILE="D:/Code/BattleTank/BattleTank/BattleTank/Content/Battleground.umap" SILENT=true AUTOSAVING=false KEEPDIRTY=false
[2018.03.31-00.19.44:539][518]LogSavePackage: Save=131.17ms
[2018.03.31-00.19.44:539][518]LogSavePackage: Moving 'D:/Code/BattleTank/BattleTank/BattleTank/Saved/Battleground7A4405F74DD145613F7C53B07E363239.tmp' to 'D:/Code/BattleTank/BattleTank/BattleTank/Content/Battleground.umap'
[2018.03.31-00.19.44:545][518]LogSavePackage: Display: Finished SavePackage D:/Code/BattleTank/BattleTank/BattleTank/Content/Battleground.umap
[2018.03.31-00.19.44:570][518]LogFileHelpers: Saving map 'Battleground' took 0.225
